
> wassal-app@0.1.0 build
> next build

▲ Next.js 16.2.9 (Turbopack)
- Environments: .env

⚠ The "middleware" file convention is deprecated. Please use "proxy" instead. Learn more: https://nextjs.org/docs/messages/middleware-to-proxy
  Creating an optimized production build ...
✓ Compiled successfully in 16.6s
  Running TypeScript ...
  Finished TypeScript in 8.3s ...
  Collecting page data using 3 workers ...
  Generating static pages using 3 workers (0/5) ...
  Generating static pages using 3 workers (1/5) 
  Generating static pages using 3 workers (2/5) 
  Generating static pages using 3 workers (3/5) 
✓ Generating static pages using 3 workers (5/5) in 215ms
  Finalizing page optimization ...

Route (app)
┌ ƒ /
├ ○ /_not-found
├ ƒ /dashboard
├ ƒ /dashboard/agents
├ ƒ /dashboard/branches
├ ƒ /dashboard/customers
├ ƒ /dashboard/customers/[id]/statement
├ ƒ /dashboard/drivers
├ ƒ /dashboard/employees
├ ƒ /dashboard/finance
├ ƒ /dashboard/notifications
├ ƒ /dashboard/pricing
├ ƒ /dashboard/reports
├ ƒ /dashboard/settings
├ ƒ /dashboard/shipments
├ ƒ /dashboard/shipments/[id]
├ ƒ /dashboard/shipments/[id]/edit
├ ƒ /dashboard/shipments/[id]/print
├ ƒ /dashboard/shipments/new
├ ƒ /dashboard/tracking
├ ○ /login
└ ƒ /track


ƒ Proxy (Middleware)

○  (Static)   prerendered as static content
ƒ  (Dynamic)  server-rendered on demand

